{
  "stats": {
    "suites": 2,
    "tests": 2,
    "passes": 1,
    "pending": 0,
    "failures": 1,
    "start": "2021-06-24T15:10:35.143Z",
    "end": "2021-06-24T15:11:14.974Z",
    "duration": 39831,
    "testsRegistered": 2,
    "passPercent": 50,
    "pendingPercent": 0,
    "other": 0,
    "hasOther": false,
    "skipped": 0,
    "hasSkipped": false
  },
  "results": [
    {
      "uuid": "901b545b-931e-4743-9fff-8b54d7f4fc75",
      "title": "",
      "fullFile": "cypress/integration/checkAQA.spec.js",
      "file": "cypress/integration/checkAQA.spec.js",
      "beforeHooks": [],
      "afterHooks": [],
      "tests": [],
      "suites": [
        {
          "uuid": "c56f8ed2-98f4-448b-a2b2-488e6cbb6eca",
          "title": "Reg users sing up",
          "fullFile": "",
          "file": "",
          "beforeHooks": [],
          "afterHooks": [],
          "tests": [],
          "suites": [
            {
              "uuid": "42da492c-19ee-4cb2-8a41-68393a0860d6",
              "title": "reg users",
              "fullFile": "",
              "file": "",
              "beforeHooks": [],
              "afterHooks": [],
              "tests": [
                {
                  "title": "SignUP error massege, check URL",
                  "fullTitle": "Reg users sing up reg users SignUP error massege, check URL",
                  "timedOut": null,
                  "duration": 37626,
                  "state": "failed",
                  "speed": null,
                  "pass": false,
                  "fail": true,
                  "pending": false,
                  "context": null,
                  "code": "cy.get('body').then($el => {\n  Cypress.dom.isDom($el); // true\n});\ncy.viewport(1700, 1000);\ncy.visit('https://www.pecodesoftware.com/qa-portal/registerlogin/registerlogin.php');\ncy.url().should('be.equal', 'https://www.pecodesoftware.com/qa-portal/registerlogin/registerlogin.php');\ncy.visit('https://www.pecodesoftware.com/qa-portal/registerlogin/registerlogin.php');\ncy.get('body').find('img').should('have.attr', 'src').and('match', /svg/);\ncy.contains('QA Portal Login').should('be.visible', 'QA Portal Login');\ncy.get('input[name=\"username\"]').should('be.visible');\ncy.get('input[name=\"password\"]').should('be.visible').get('input[class=\"btn btn-success\"]').should('be.visible').get('input[class=\"btn btn-success\"]').click().wait(3000);\ncy.contains('Please enter username').should('have.text', 'Please enter username.');\ncy.contains('Please enter your password').should('have.text', 'Please enter your password.');\ncy.get('input[name=\"username\"]').type('test');\ncy.get('input[name=\"password\"]').type('retest').get('input[class=\"btn btn-success\"]').click().wait(2000);\ncy.contains('The password you entered was not valid').should('not.be.visible', 'The password you entered was not valid');",
                  "err": {
                    "message": "AssertionError: Timed out retrying after 30000ms: expected '<span.help-block>' not to be 'visible'",
                    "estack": "AssertionError: Timed out retrying after 30000ms: expected '<span.help-block>' not to be 'visible'\n    at Context.eval (https://www.pecodesoftware.com/__cypress/tests?p=cypress/integration/checkAQA.spec.js:118:61)",
                    "diff": null
                  },
                  "uuid": "0b2ee554-726f-4df3-b936-06f8f750ec2b",
                  "parentUUID": "42da492c-19ee-4cb2-8a41-68393a0860d6",
                  "isHook": false,
                  "skipped": false
                },
                {
                  "title": "sending the POST request",
                  "fullTitle": "Reg users sing up reg users sending the POST request",
                  "timedOut": null,
                  "duration": 233,
                  "state": "passed",
                  "speed": "slow",
                  "pass": true,
                  "fail": false,
                  "pending": false,
                  "context": null,
                  "code": "cy.request({\n  method: \"POST\",\n  url: \"https://www.pecodesoftware.com/qa-portal/registerlogin/registerlogin.php\",\n  body: \"\",\n  headers: \"\"\n}).then(response => {\n  expect(response).to.have.property(\"status\").to.equal(200);\n  console.log(response);\n});",
                  "err": {},
                  "uuid": "eb8811e2-d24a-4d41-9685-1130faecd6ba",
                  "parentUUID": "42da492c-19ee-4cb2-8a41-68393a0860d6",
                  "isHook": false,
                  "skipped": false
                }
              ],
              "suites": [],
              "passes": [
                "eb8811e2-d24a-4d41-9685-1130faecd6ba"
              ],
              "failures": [
                "0b2ee554-726f-4df3-b936-06f8f750ec2b"
              ],
              "pending": [],
              "skipped": [],
              "duration": 37859,
              "root": false,
              "rootEmpty": false,
              "_timeout": 2000
            }
          ],
          "passes": [],
          "failures": [],
          "pending": [],
          "skipped": [],
          "duration": 0,
          "root": false,
          "rootEmpty": false,
          "_timeout": 2000
        }
      ],
      "passes": [],
      "failures": [],
      "pending": [],
      "skipped": [],
      "duration": 0,
      "root": true,
      "rootEmpty": true,
      "_timeout": 2000
    }
  ],
  "meta": {
    "mocha": {
      "version": "7.0.1"
    },
    "mochawesome": {
      "options": {
        "quiet": false,
        "reportFilename": "mochawesome",
        "saveHtml": false,
        "saveJson": true,
        "consoleReporter": "spec",
        "useInlineDiffs": false,
        "code": true
      },
      "version": "6.2.2"
    },
    "marge": {
      "options": {
        "reportDir": "cypress/results",
        "overwrite": true,
        "html": false,
        "json": true,
        "video": true
      },
      "version": "5.2.0"
    }
  }
}